# JRE version: OpenJDK Runtime Environment (11.0.2+9) (build 11.0.2+9)
# Java VM: OpenJDK 64-Bit Server VM (11.0.2+9, mixed mode, tiered, compressed oops, g1 gc, windows-amd64)
Heap:
 garbage-first heap   total 423936K, used 302702K [0x0000000740000000, 0x0000000800000000)
  region size 1024K, 53 young (54272K), 3 survivors (3072K)
 Metaspace       used 127148K, capacity 128926K, committed 133916K, reserved 1163264K
  class space    used 17559K, capacity 18290K, committed 20096K, reserved 1048576K
GC Heap History (10 events):
Event: 13186.293 GC heap before
{Heap before GC invocations=774 (full 20):
 garbage-first heap   total 423936K, used 310295K [0x0000000740000000, 0x0000000800000000)
  region size 1024K, 60 young (61440K), 3 survivors (3072K)
 Metaspace       used 127148K, capacity 128926K, committed 133916K, reserved 1163264K
  class space    used 17559K, capacity 18290K, committed 20096K, reserved 1048576K
}
Event: 13186.295 GC heap after
{Heap after GC invocations=775 (full 20):
 garbage-first heap   total 423936K, used 251799K [0x0000000740000000, 0x0000000800000000)
  region size 1024K, 2 young (2048K), 2 survivors (2048K)
 Metaspace       used 127148K, capacity 128926K, committed 133916K, reserved 1163264K
  class space    used 17559K, capacity 18290K, committed 20096K, reserved 1048576K
}
Event: 13187.231 GC heap before
{Heap before GC invocations=775 (full 20):
 garbage-first heap   total 423936K, used 311191K [0x0000000740000000, 0x0000000800000000)
  region size 1024K, 60 young (61440K), 2 survivors (2048K)
 Metaspace       used 127148K, capacity 128926K, committed 133916K, reserved 1163264K
  class space    used 17559K, capacity 18290K, committed 20096K, reserved 1048576K
}
Event: 13187.233 GC heap after
{Heap after GC invocations=776 (full 20):
 garbage-first heap   total 423936K, used 251319K [0x0000000740000000, 0x0000000800000000)
  region size 1024K, 2 young (2048K), 2 survivors (2048K)
 Metaspace       used 127148K, capacity 128926K, committed 133916K, reserved 1163264K
  class space    used 17559K, capacity 18290K, committed 20096K, reserved 1048576K
}
Event: 13188.603 GC heap before
{Heap before GC invocations=776 (full 20):
 garbage-first heap   total 423936K, used 310711K [0x0000000740000000, 0x0000000800000000)
  region size 1024K, 60 young (61440K), 2 survivors (2048K)
 Metaspace       used 127148K, capacity 128926K, committed 133916K, reserved 1163264K
  class space    used 17559K, capacity 18290K, committed 20096K, reserved 1048576K
}
Event: 13188.605 GC heap after
{Heap after GC invocations=777 (full 20):
 garbage-first heap   total 423936K, used 251884K [0x0000000740000000, 0x0000000800000000)
  region size 1024K, 3 young (3072K), 3 survivors (3072K)
 Metaspace       used 127148K, capacity 128926K, committed 133916K, reserved 1163264K
  class space    used 17559K, capacity 18290K, committed 20096K, reserved 1048576K
}
Event: 13189.663 GC heap before
{Heap before GC invocations=777 (full 20):
 garbage-first heap   total 423936K, used 310252K [0x0000000740000000, 0x0000000800000000)
  region size 1024K, 60 young (61440K), 3 survivors (3072K)
 Metaspace       used 127148K, capacity 128926K, committed 133916K, reserved 1163264K
  class space    used 17559K, capacity 18290K, committed 20096K, reserved 1048576K
}
Event: 13189.667 GC heap after
{Heap after GC invocations=778 (full 20):
 garbage-first heap   total 423936K, used 252401K [0x0000000740000000, 0x0000000800000000)
  region size 1024K, 3 young (3072K), 3 survivors (3072K)
 Metaspace       used 127148K, capacity 128926K, committed 133916K, reserved 1163264K
  class space    used 17559K, capacity 18290K, committed 20096K, reserved 1048576K
}
Event: 13190.665 GC heap before
{Heap before GC invocations=778 (full 20):
 garbage-first heap   total 423936K, used 310769K [0x0000000740000000, 0x0000000800000000)
  region size 1024K, 60 young (61440K), 3 survivors (3072K)
 Metaspace       used 127148K, capacity 128926K, committed 133916K, reserved 1163264K
  class space    used 17559K, capacity 18290K, committed 20096K, reserved 1048576K
}
Event: 13190.673 GC heap after
{Heap after GC invocations=779 (full 20):
 garbage-first heap   total 423936K, used 252526K [0x0000000740000000, 0x0000000800000000)
  region size 1024K, 3 young (3072K), 3 survivors (3072K)
 Metaspace       used 127148K, capacity 128926K, committed 133916K, reserved 1163264K
  class space    used 17559K, capacity 18290K, committed 20096K, reserved 1048576K
}

